asd : 
asd : 
asd : ########################################
asd : Starting at 2016-10-17 17:31:04
asd : 
asd : ProcessInfo:
asd : 
asd : progress;0
asd : pid;2016-10-17_17:31_0154
asd : sessionid;asd
asd : status;
asd : pwd;/home/marc/src/mRc_repos/shinyTools/tmp
asd : ifof;/home/marc/src/mRc_repos/shinyTools/tmp/process1-ifof.rds
asd : Rscript;/home/marc/src/mRc_repos/shinyTools/scripts/process1.R
asd : logFile;/home/marc/src/mRc_repos/shinyTools/log/log1.log
asd : statusFile;/home/marc/src/mRc_repos/shinyTools/tmp/process1-ifof.status
asd : 
asd : Start process with id process2:
asd : /home/marc/src/mRc_repos/shinyTools/scripts/process2.R
asd : 
asd : Process finishes at 2016-10-17 17:31:08
asd : 
asd : 
asd : ########################################
asd : Starting at 2016-10-17 18:30:36
asd : 
asd : ProcessInfo:
asd : 
asd : progress;0
asd : pid;2016-10-17_18:30_2592
asd : sessionid;asd
asd : status;
asd : pwd;/home/marc/src/mRc_repos/shinyTools/tmp
asd : ifof;/home/marc/src/mRc_repos/shinyTools/tmp/process1-ifof.rds
asd : Rscript;/home/marc/src/mRc_repos/shinyTools/scripts/process1.R
asd : logFile;/home/marc/src/mRc_repos/shinyTools/log/log1.log
asd : statusFile;/home/marc/src/mRc_repos/shinyTools/tmp/process1-ifof.status
asd : 
asd : Start process with id process2:
asd : /home/marc/src/mRc_repos/shinyTools/scripts/process2.R
asd : 
asd : Process finishes at 2016-10-17 18:30:40
